 
============================= test session starts =============================
platform win32 -- Python 3.10.5, pytest-7.3.1, pluggy-1.0.0
rootdir: C:\Users\Graeham\Documents\GITHUB_PROJECTS\grieman.github.io
collected 6 items

test_contents.py::test_comp_contents PASSED                              [ 16%]
test_contents.py::test_comp_plot_contents PASSED                         [ 33%]
test_contents.py::test_projections_contents PASSED                       [ 50%]
test_contents.py::test_reviews_contents PASSED                           [ 66%]
test_contents.py::test_comp_random_accuracy PASSED                       [ 83%]
test_contents.py::test_comp_random_playoff PASSED                        [100%]

============================== 6 passed in 0.18s ==============================
All tests passed. 
[main c3e1f110a1] Automated update for 07/01/2024
 697 files changed, 3597 insertions(+), 3069 deletions(-)
 rewrite Current_Projections.md (86%)
 rewrite Recent_Matches.md (82%)
 create mode 100644 comp_files/Currie_Cup_2024.md
 rewrite comp_files/URBA_Top_12_2024.md (78%)
 rewrite comp_files/World_Rugby_U20_Championship_2023.md (79%)
 create mode 100644 comp_files/World_Rugby_U20_Championship_2024.md
 delete mode 100644 comp_files/plots/performances_2024-06-28-StadeToulousain_V_BordeauxBegles.png
 delete mode 100644 comp_files/plots/performances_2024-06-28-UtahWarriors_V_RFCLosAngeles.png
 delete mode 100644 comp_files/plots/performances_2024-06-29-Alumni_V_Hindu.png
 delete mode 100644 comp_files/plots/performances_2024-06-29-AtleticodelRosario_V_CUBA.png
 delete mode 100644 comp_files/plots/performances_2024-06-29-AustraliaU20_V_GeorgiaU20.png
 delete mode 100644 comp_files/plots/performances_2024-06-29-Bahamas_V_Jamaica.png
 delete mode 100644 comp_files/plots/performances_2024-06-29-Belgrano_V_SanLuis.png
 delete mode 100644 comp_files/plots/performances_2024-06-29-BuenosAires_V_RegatasBellaVista.png
 delete mode 100644 comp_files/plots/performances_2024-06-29-Champagnat_V_SIC.png
 delete mode 100644 comp_files/plots/performances_2024-06-29-ChicagoHounds_V_MiamiSharks.png
 delete mode 100644 comp_files/plots/performances_2024-06-29-EnglandU20_V_ArgentinaU20.png
 delete mode 100644 comp_files/plots/performances_2024-06-29-FranceU20_V_SpainU20.png
 delete mode 100644 comp_files/plots/performances_2024-06-29-HoustonSaberCats_V_DallasJackals.png
 delete mode 100644 comp_files/plots/performances_2024-06-29-IrelandU20_V_ItalyU20.png
 delete mode 100644 comp_files/plots/performances_2024-06-29-NewEnglandFreeJacks_V_AnthemRC.png
 delete mode 100644 comp_files/plots/performances_2024-06-29-Newman_V_CASI.png
 delete mode 100644 comp_files/plots/performances_2024-06-29-OldGloryDC_V_NOLAGold.png
 delete mode 100644 comp_files/plots/performances_2024-06-29-SanDiegoLegion_V_SeattleSeawolves.png
 delete mode 100644 comp_files/plots/performances_2024-06-29-Singapore_V_Thailand.png
 delete mode 100644 comp_files/plots/performances_2024-06-29-SouthAfricaU20_V_FijiU20.png
 delete mode 100644 comp_files/plots/performances_2024-06-29-WalesU20_V_NewZealandU20.png
 delete mode 100644 comp_files/plots/performances_2024-06-30-UtahWarriors_V_RFCLosAngeles.png
 create mode 100644 comp_files/plots/performances_2024-07-02-ChineseTaipei_V_Thailand.png
 create mode 100644 comp_files/plots/performances_2024-07-04-AustraliaU20_V_ItalyU20.png
 create mode 100644 comp_files/plots/performances_2024-07-04-EnglandU20_V_FijiU20.png
 create mode 100644 comp_files/plots/performances_2024-07-04-FranceU20_V_NewZealandU20.png
 create mode 100644 comp_files/plots/performances_2024-07-04-IrelandU20_V_GeorgiaU20.png
 create mode 100644 comp_files/plots/performances_2024-07-04-SouthAfricaU20_V_ArgentinaU20.png
 create mode 100644 comp_files/plots/performances_2024-07-04-WalesU20_V_SpainU20.png
 create mode 100644 comp_files/plots/performances_2024-07-05-Georgia_V_Fiji.png
 create mode 100644 comp_files/plots/performances_2024-07-05-Griquas_V_Pumas.png
 create mode 100644 comp_files/plots/performances_2024-07-05-Samoa_V_Italy.png
 create mode 100644 comp_files/plots/performances_2024-07-05-Sharks_V_GoldenLions.png
 create mode 100644 comp_files/plots/performances_2024-07-05-Singapore_V_ChineseTaipei.png
 create mode 100644 comp_files/plots/performances_2024-07-06-Argentina_V_France.png
 create mode 100644 comp_files/plots/performances_2024-07-06-AtleticodelRosario_V_SIC.png
 create mode 100644 comp_files/plots/performances_2024-07-06-Australia_V_Wales.png
 create mode 100644 comp_files/plots/performances_2024-07-06-Belgrano_V_RegatasBellaVista.png
 create mode 100644 comp_files/plots/performances_2024-07-06-BuenosAires_V_CASI.png
 create mode 100644 comp_files/plots/performances_2024-07-06-Canada_V_Scotland.png
 create mode 100644 comp_files/plots/performances_2024-07-06-Champagnat_V_Alumni.png
 create mode 100644 comp_files/plots/performances_2024-07-06-Chile_V_HongKong.png
 create mode 100644 comp_files/plots/performances_2024-07-06-FreeStateCheetahs_V_Griffons.png
 create mode 100644 comp_files/plots/performances_2024-07-06-Hindu_V_SanLuis.png
 create mode 100644 comp_files/plots/performances_2024-07-06-NewZealand_V_England.png
 create mode 100644 comp_files/plots/performances_2024-07-06-Newman_V_CUBA.png
 create mode 100644 comp_files/plots/performances_2024-07-06-SouthAfrica_V_Ireland.png
 create mode 100644 comp_files/plots/performances_2024-07-06-UnitedStatesofAmerica_V_Romania.png
 create mode 100644 comp_files/plots/performances_2024-07-07-WesternProvince_V_BlueBulls.png
 rewrite comp_files/plots/performances_2025-01-31-France_V_Wales.png (99%)
 rewrite comp_files/plots/performances_2025-02-01-Ireland_V_England.png (99%)
 rewrite comp_files/plots/performances_2025-02-01-Scotland_V_Italy.png (99%)
 rewrite comp_files/plots/performances_2025-02-08-England_V_France.png (98%)
 rewrite comp_files/plots/performances_2025-02-08-Italy_V_Wales.png (98%)
 rewrite comp_files/plots/performances_2025-02-09-Scotland_V_Ireland.png (99%)
 rewrite comp_files/plots/performances_2025-02-22-England_V_Scotland.png (98%)
 rewrite comp_files/plots/performances_2025-02-22-Wales_V_Ireland.png (99%)
 rewrite comp_files/plots/performances_2025-02-23-Italy_V_France.png (98%)
 rewrite comp_files/plots/performances_2025-03-08-Ireland_V_France.png (98%)
 rewrite comp_files/plots/performances_2025-03-08-Scotland_V_Wales.png (99%)
 rewrite comp_files/plots/performances_2025-03-09-England_V_Italy.png (99%)
 rewrite comp_files/plots/performances_2025-03-15-France_V_Scotland.png (99%)
 rewrite comp_files/plots/performances_2025-03-15-Italy_V_Ireland.png (99%)
 rewrite comp_files/plots/performances_2025-03-15-Wales_V_England.png (99%)
 create mode 100644 comp_files/plots/rankings_Currie-Cup-2024.png
 rewrite comp_files/plots/rankings_International-Test-Match-2024.png (98%)
 delete mode 100644 comp_files/plots/rankings_Major-League-Rugby-2024.png
 rewrite comp_files/plots/rankings_Six-Nations-Championship-2024.png (98%)
 delete mode 100644 comp_files/plots/rankings_Top-14-Orange-2023.png
 rewrite comp_files/plots/rankings_URBA-Top-12-2024.png (99%)
 delete mode 100644 comp_files/plots/rankings_World-Rugby-U20-Championship-2023.png
 create mode 100644 comp_files/plots/rankings_World-Rugby-U20-Championship-2024.png
 delete mode 100644 comp_files/plots/resultbar_2024-06-28-StadeToulousain_V_BordeauxBegles.png
 delete mode 100644 comp_files/plots/resultbar_2024-06-28-UtahWarriors_V_RFCLosAngeles.png
 delete mode 100644 comp_files/plots/resultbar_2024-06-29-Alumni_V_Hindu.png
 delete mode 100644 comp_files/plots/resultbar_2024-06-29-AtleticodelRosario_V_CUBA.png
 delete mode 100644 comp_files/plots/resultbar_2024-06-29-AustraliaU20_V_GeorgiaU20.png
 delete mode 100644 comp_files/plots/resultbar_2024-06-29-Bahamas_V_Jamaica.png
 delete mode 100644 comp_files/plots/resultbar_2024-06-29-Belgrano_V_SanLuis.png
 delete mode 100644 comp_files/plots/resultbar_2024-06-29-BuenosAires_V_RegatasBellaVista.png
 delete mode 100644 comp_files/plots/resultbar_2024-06-29-Champagnat_V_SIC.png
 delete mode 100644 comp_files/plots/resultbar_2024-06-29-ChicagoHounds_V_MiamiSharks.png
 delete mode 100644 comp_files/plots/resultbar_2024-06-29-EnglandU20_V_ArgentinaU20.png
 delete mode 100644 comp_files/plots/resultbar_2024-06-29-FranceU20_V_SpainU20.png
 delete mode 100644 comp_files/plots/resultbar_2024-06-29-HoustonSaberCats_V_DallasJackals.png
 delete mode 100644 comp_files/plots/resultbar_2024-06-29-IrelandU20_V_ItalyU20.png
 delete mode 100644 comp_files/plots/resultbar_2024-06-29-NewEnglandFreeJacks_V_AnthemRC.png
 delete mode 100644 comp_files/plots/resultbar_2024-06-29-Newman_V_CASI.png
 delete mode 100644 comp_files/plots/resultbar_2024-06-29-OldGloryDC_V_NOLAGold.png
 delete mode 100644 comp_files/plots/resultbar_2024-06-29-SanDiegoLegion_V_SeattleSeawolves.png
 delete mode 100644 comp_files/plots/resultbar_2024-06-29-Singapore_V_Thailand.png
 delete mode 100644 comp_files/plots/resultbar_2024-06-29-SouthAfricaU20_V_FijiU20.png
 delete mode 100644 comp_files/plots/resultbar_2024-06-29-WalesU20_V_NewZealandU20.png
 delete mode 100644 comp_files/plots/resultbar_2024-06-30-UtahWarriors_V_RFCLosAngeles.png
 create mode 100644 comp_files/plots/resultbar_2024-07-02-ChineseTaipei_V_Thailand.png
 create mode 100644 comp_files/plots/resultbar_2024-07-04-AustraliaU20_V_ItalyU20.png
 create mode 100644 comp_files/plots/resultbar_2024-07-04-EnglandU20_V_FijiU20.png
 create mode 100644 comp_files/plots/resultbar_2024-07-04-FranceU20_V_NewZealandU20.png
 create mode 100644 comp_files/plots/resultbar_2024-07-04-IrelandU20_V_GeorgiaU20.png
 create mode 100644 comp_files/plots/resultbar_2024-07-04-SouthAfricaU20_V_ArgentinaU20.png
 create mode 100644 comp_files/plots/resultbar_2024-07-04-WalesU20_V_SpainU20.png
 create mode 100644 comp_files/plots/resultbar_2024-07-05-Georgia_V_Fiji.png
 create mode 100644 comp_files/plots/resultbar_2024-07-05-Griquas_V_Pumas.png
 create mode 100644 comp_files/plots/resultbar_2024-07-05-Samoa_V_Italy.png
 create mode 100644 comp_files/plots/resultbar_2024-07-05-Sharks_V_GoldenLions.png
 create mode 100644 comp_files/plots/resultbar_2024-07-05-Singapore_V_ChineseTaipei.png
 create mode 100644 comp_files/plots/resultbar_2024-07-06-Argentina_V_France.png
 create mode 100644 comp_files/plots/resultbar_2024-07-06-AtleticodelRosario_V_SIC.png
 create mode 100644 comp_files/plots/resultbar_2024-07-06-Australia_V_Wales.png
 create mode 100644 comp_files/plots/resultbar_2024-07-06-Belgrano_V_RegatasBellaVista.png
 create mode 100644 comp_files/plots/resultbar_2024-07-06-BuenosAires_V_CASI.png
 create mode 100644 comp_files/plots/resultbar_2024-07-06-Canada_V_Scotland.png
 create mode 100644 comp_files/plots/resultbar_2024-07-06-Champagnat_V_Alumni.png
 create mode 100644 comp_files/plots/resultbar_2024-07-06-Chile_V_HongKong.png
 create mode 100644 comp_files/plots/resultbar_2024-07-06-FreeStateCheetahs_V_Griffons.png
 create mode 100644 comp_files/plots/resultbar_2024-07-06-Hindu_V_SanLuis.png
 create mode 100644 comp_files/plots/resultbar_2024-07-06-NewZealand_V_England.png
 create mode 100644 comp_files/plots/resultbar_2024-07-06-Newman_V_CUBA.png
 create mode 100644 comp_files/plots/resultbar_2024-07-06-SouthAfrica_V_Ireland.png
 create mode 100644 comp_files/plots/resultbar_2024-07-06-UnitedStatesofAmerica_V_Romania.png
 create mode 100644 comp_files/plots/resultbar_2024-07-07-WesternProvince_V_BlueBulls.png
 rewrite comp_files/plots/resultbar_2025-01-31-France_V_Wales.png (83%)
 rewrite comp_files/plots/resultbar_2025-02-01-Ireland_V_England.png (83%)
 rewrite comp_files/plots/resultbar_2025-02-01-Scotland_V_Italy.png (99%)
 rewrite comp_files/plots/resultbar_2025-02-08-England_V_France.png (81%)
 rewrite comp_files/plots/resultbar_2025-02-08-Italy_V_Wales.png (99%)
 rewrite comp_files/plots/resultbar_2025-02-09-Scotland_V_Ireland.png (82%)
 rewrite comp_files/plots/resultbar_2025-02-22-England_V_Scotland.png (83%)
 rewrite comp_files/plots/resultbar_2025-02-22-Wales_V_Ireland.png (98%)
 rewrite comp_files/plots/resultbar_2025-02-23-Italy_V_France.png (98%)
 rewrite comp_files/plots/resultbar_2025-03-08-Ireland_V_France.png (82%)
 rewrite comp_files/plots/resultbar_2025-03-08-Scotland_V_Wales.png (83%)
 rewrite comp_files/plots/resultbar_2025-03-09-England_V_Italy.png (99%)
 rewrite comp_files/plots/resultbar_2025-03-15-France_V_Scotland.png (83%)
 rewrite comp_files/plots/resultbar_2025-03-15-Italy_V_Ireland.png (97%)
 rewrite comp_files/plots/resultbar_2025-03-15-Wales_V_England.png (82%)
 delete mode 100644 comp_files/plots/spreads_2024-06-28-StadeToulousain_V_BordeauxBegles.png
 delete mode 100644 comp_files/plots/spreads_2024-06-28-UtahWarriors_V_RFCLosAngeles.png
 delete mode 100644 comp_files/plots/spreads_2024-06-29-Alumni_V_Hindu.png
 delete mode 100644 comp_files/plots/spreads_2024-06-29-AtleticodelRosario_V_CUBA.png
 delete mode 100644 comp_files/plots/spreads_2024-06-29-AustraliaU20_V_GeorgiaU20.png
 delete mode 100644 comp_files/plots/spreads_2024-06-29-Bahamas_V_Jamaica.png
 delete mode 100644 comp_files/plots/spreads_2024-06-29-Belgrano_V_SanLuis.png
 delete mode 100644 comp_files/plots/spreads_2024-06-29-BuenosAires_V_RegatasBellaVista.png
 delete mode 100644 comp_files/plots/spreads_2024-06-29-Champagnat_V_SIC.png
 delete mode 100644 comp_files/plots/spreads_2024-06-29-ChicagoHounds_V_MiamiSharks.png
 delete mode 100644 comp_files/plots/spreads_2024-06-29-EnglandU20_V_ArgentinaU20.png
 delete mode 100644 comp_files/plots/spreads_2024-06-29-FranceU20_V_SpainU20.png
 delete mode 100644 comp_files/plots/spreads_2024-06-29-HoustonSaberCats_V_DallasJackals.png
 delete mode 100644 comp_files/plots/spreads_2024-06-29-IrelandU20_V_ItalyU20.png
 delete mode 100644 comp_files/plots/spreads_2024-06-29-NewEnglandFreeJacks_V_AnthemRC.png
 delete mode 100644 comp_files/plots/spreads_2024-06-29-Newman_V_CASI.png
 delete mode 100644 comp_files/plots/spreads_2024-06-29-OldGloryDC_V_NOLAGold.png
 delete mode 100644 comp_files/plots/spreads_2024-06-29-SanDiegoLegion_V_SeattleSeawolves.png
 delete mode 100644 comp_files/plots/spreads_2024-06-29-Singapore_V_Thailand.png
 delete mode 100644 comp_files/plots/spreads_2024-06-29-SouthAfricaU20_V_FijiU20.png
 delete mode 100644 comp_files/plots/spreads_2024-06-29-WalesU20_V_NewZealandU20.png
 delete mode 100644 comp_files/plots/spreads_2024-06-30-UtahWarriors_V_RFCLosAngeles.png
 create mode 100644 comp_files/plots/spreads_2024-07-02-ChineseTaipei_V_Thailand.png
 create mode 100644 comp_files/plots/spreads_2024-07-04-AustraliaU20_V_ItalyU20.png
 create mode 100644 comp_files/plots/spreads_2024-07-04-EnglandU20_V_FijiU20.png
 create mode 100644 comp_files/plots/spreads_2024-07-04-FranceU20_V_NewZealandU20.png
 create mode 100644 comp_files/plots/spreads_2024-07-04-IrelandU20_V_GeorgiaU20.png
 create mode 100644 comp_files/plots/spreads_2024-07-04-SouthAfricaU20_V_ArgentinaU20.png
 create mode 100644 comp_files/plots/spreads_2024-07-04-WalesU20_V_SpainU20.png
 create mode 100644 comp_files/plots/spreads_2024-07-05-Georgia_V_Fiji.png
 create mode 100644 comp_files/plots/spreads_2024-07-05-Griquas_V_Pumas.png
 create mode 100644 comp_files/plots/spreads_2024-07-05-Samoa_V_Italy.png
 create mode 100644 comp_files/plots/spreads_2024-07-05-Sharks_V_GoldenLions.png
 create mode 100644 comp_files/plots/spreads_2024-07-05-Singapore_V_ChineseTaipei.png
 create mode 100644 comp_files/plots/spreads_2024-07-06-Argentina_V_France.png
 create mode 100644 comp_files/plots/spreads_2024-07-06-AtleticodelRosario_V_SIC.png
 create mode 100644 comp_files/plots/spreads_2024-07-06-Australia_V_Wales.png
 create mode 100644 comp_files/plots/spreads_2024-07-06-Belgrano_V_RegatasBellaVista.png
 create mode 100644 comp_files/plots/spreads_2024-07-06-BuenosAires_V_CASI.png
 create mode 100644 comp_files/plots/spreads_2024-07-06-Canada_V_Scotland.png
 create mode 100644 comp_files/plots/spreads_2024-07-06-Champagnat_V_Alumni.png
 create mode 100644 comp_files/plots/spreads_2024-07-06-Chile_V_HongKong.png
 create mode 100644 comp_files/plots/spreads_2024-07-06-FreeStateCheetahs_V_Griffons.png
 create mode 100644 comp_files/plots/spreads_2024-07-06-Hindu_V_SanLuis.png
 create mode 100644 comp_files/plots/spreads_2024-07-06-NewZealand_V_England.png
 create mode 100644 comp_files/plots/spreads_2024-07-06-Newman_V_CUBA.png
 create mode 100644 comp_files/plots/spreads_2024-07-06-SouthAfrica_V_Ireland.png
 create mode 100644 comp_files/plots/spreads_2024-07-06-UnitedStatesofAmerica_V_Romania.png
 create mode 100644 comp_files/plots/spreads_2024-07-07-WesternProvince_V_BlueBulls.png
 rewrite comp_files/plots/spreads_2025-01-31-France_V_Wales.png (98%)
 rewrite comp_files/plots/spreads_2025-02-01-Ireland_V_England.png (99%)
 rewrite comp_files/plots/spreads_2025-02-01-Scotland_V_Italy.png (99%)
 rewrite comp_files/plots/spreads_2025-02-08-England_V_France.png (99%)
 rewrite comp_files/plots/spreads_2025-02-08-Italy_V_Wales.png (99%)
 rewrite comp_files/plots/spreads_2025-02-09-Scotland_V_Ireland.png (99%)
 rewrite comp_files/plots/spreads_2025-02-22-England_V_Scotland.png (99%)
 rewrite comp_files/plots/spreads_2025-02-22-Wales_V_Ireland.png (99%)
 rewrite comp_files/plots/spreads_2025-02-23-Italy_V_France.png (99%)
 rewrite comp_files/plots/spreads_2025-03-08-Ireland_V_France.png (99%)
 rewrite comp_files/plots/spreads_2025-03-08-Scotland_V_Wales.png (98%)
 rewrite comp_files/plots/spreads_2025-03-09-England_V_Italy.png (99%)
 rewrite comp_files/plots/spreads_2025-03-15-France_V_Scotland.png (99%)
 rewrite comp_files/plots/spreads_2025-03-15-Italy_V_Ireland.png (99%)
 rewrite comp_files/plots/spreads_2025-03-15-Wales_V_England.png (99%)
 delete mode 100644 projections/2024-06-29-ChicagoHounds-MiamiSharks.md
 delete mode 100644 projections/2024-06-29-HoustonSaberCats-DallasJackals.md
 delete mode 100644 projections/2024-06-29-NewEnglandFreeJacks-AnthemRC.md
 delete mode 100644 projections/2024-06-29-OldGloryDC-NOLAGold.md
 delete mode 100644 projections/2024-06-29-SouthAfricaU20-FijiU20.md
 delete mode 100644 projections/2024-06-30-UtahWarriors-RFCLosAngeles.md
 create mode 100644 projections/2024-07-02-ChineseTaipei-Thailand.md
 rename projections/{2024-06-29-IrelandU20-ItalyU20.md => 2024-07-04-AustraliaU20-ItalyU20.md} (63%)
 create mode 100644 projections/2024-07-04-EnglandU20-FijiU20.md
 rename projections/{2024-06-29-EnglandU20-ArgentinaU20.md => 2024-07-04-FranceU20-NewZealandU20.md} (64%)
 rename projections/{2024-06-29-AustraliaU20-GeorgiaU20.md => 2024-07-04-IrelandU20-GeorgiaU20.md} (51%)
 rename projections/{2024-06-29-WalesU20-NewZealandU20.md => 2024-07-04-SouthAfricaU20-ArgentinaU20.md} (60%)
 rename reviews/2024-06-22-Gloucester-HartpuryWomen-BristolBearsWomen.md => projections/2024-07-04-WalesU20-SpainU20.md (51%)
 create mode 100644 projections/2024-07-05-Georgia-Fiji.md
 create mode 100644 projections/2024-07-05-Griquas-Pumas.md
 create mode 100644 projections/2024-07-05-Samoa-Italy.md
 create mode 100644 projections/2024-07-05-Sharks-GoldenLions.md
 rename projections/{2024-06-29-Singapore-Thailand.md => 2024-07-05-Singapore-ChineseTaipei.md} (54%)
 create mode 100644 projections/2024-07-06-Argentina-France.md
 create mode 100644 projections/2024-07-06-AtleticodelRosario-SIC.md
 rename projections/{2024-06-29-Alumni-Hindu.md => 2024-07-06-Australia-Wales.md} (68%)
 rename projections/{2024-06-29-BuenosAires-RegatasBellaVista.md => 2024-07-06-Belgrano-RegatasBellaVista.md} (65%)
 rename projections/{2024-06-29-Champagnat-SIC.md => 2024-07-06-BuenosAires-CASI.md} (66%)
 create mode 100644 projections/2024-07-06-Canada-Scotland.md
 create mode 100644 projections/2024-07-06-Champagnat-Alumni.md
 rename projections/{2024-06-29-Bahamas-Jamaica.md => 2024-07-06-Chile-HongKong.md} (56%)
 rename projections/{2024-06-28-UtahWarriors-RFCLosAngeles.md => 2024-07-06-FreeStateCheetahs-Griffons.md} (60%)
 rename projections/{2024-06-29-Belgrano-SanLuis.md => 2024-07-06-Hindu-SanLuis.md} (67%)
 rename projections/{2024-06-29-SanDiegoLegion-SeattleSeawolves.md => 2024-07-06-NewZealand-England.md} (62%)
 rename projections/{2024-06-29-Newman-CASI.md => 2024-07-06-Newman-CUBA.md} (69%)
 rename projections/{2024-06-29-AtleticodelRosario-CUBA.md => 2024-07-06-SouthAfrica-Ireland.md} (61%)
 rename projections/{2024-06-28-StadeToulousain-BordeauxBegles.md => 2024-07-06-UnitedStatesofAmerica-Romania.md} (59%)
 create mode 100644 projections/2024-07-07-WesternProvince-BlueBulls.md
 delete mode 100644 reviews/2024-06-21-StadeToulousain-LaRochelle.md
 delete mode 100644 reviews/2024-06-21-UnitedArabEmirates-Malaysia.md
 delete mode 100644 reviews/2024-06-22-AnthemRC-ChicagoHounds.md
 delete mode 100644 reviews/2024-06-22-Barbarians-Fiji.md
 delete mode 100644 reviews/2024-06-22-Blues-Chiefs.md
 delete mode 100644 reviews/2024-06-22-Bulls-GlasgowWarriors.md
 delete mode 100644 reviews/2024-06-22-CASI-AtleticodelRosario.md
 delete mode 100644 reviews/2024-06-22-CUBA-Champagnat.md
 delete mode 100644 reviews/2024-06-22-Hindu-Belgrano.md
 delete mode 100644 reviews/2024-06-22-Japan-England.md
 delete mode 100644 reviews/2024-06-22-MiamiSharks-OldGloryDC.md
 delete mode 100644 reviews/2024-06-22-NOLAGold-NewEnglandFreeJacks.md
 delete mode 100644 reviews/2024-06-22-RegatasBellaVista-Newman.md
 delete mode 100644 reviews/2024-06-22-SIC-Alumni.md
 delete mode 100644 reviews/2024-06-22-SanLuis-BuenosAires.md
 delete mode 100644 reviews/2024-06-22-SeattleSeawolves-RFCLosAngeles.md
 delete mode 100644 reviews/2024-06-22-SouthAfrica-Wales.md
 delete mode 100644 reviews/2024-06-22-StadeFrancaisParis-BordeauxBegles.md
 delete mode 100644 reviews/2024-06-22-UtahWarriors-DallasJackals.md
 delete mode 100644 reviews/2024-06-23-SanDiegoLegion-HoustonSaberCats.md
 create mode 100644 reviews/2024-06-28-StadeToulousain-BordeauxBegles.md
 create mode 100644 reviews/2024-06-28-UtahWarriors-RFCLosAngeles.md
 create mode 100644 reviews/2024-06-29-Alumni-Hindu.md
 create mode 100644 reviews/2024-06-29-AtleticodelRosario-CUBA.md
 rename reviews/{2024-06-18-ChicagoHounds-SanDiegoLegion.md => 2024-06-29-AustraliaU20-GeorgiaU20.md} (51%)
 rename reviews/{2024-06-22-HongKong-KoreaRepublic.md => 2024-06-29-Bahamas-Jamaica.md} (55%)
 create mode 100644 reviews/2024-06-29-Belgrano-SanLuis.md
 create mode 100644 reviews/2024-06-29-BuenosAires-RegatasBellaVista.md
 create mode 100644 reviews/2024-06-29-Champagnat-SIC.md
 create mode 100644 reviews/2024-06-29-ChicagoHounds-MiamiSharks.md
 create mode 100644 reviews/2024-06-29-EnglandU20-ArgentinaU20.md
 create mode 100644 reviews/2024-06-29-FranceU20-SpainU20.md
 create mode 100644 reviews/2024-06-29-HoustonSaberCats-DallasJackals.md
 create mode 100644 reviews/2024-06-29-IrelandU20-ItalyU20.md
 create mode 100644 reviews/2024-06-29-JapanA-MaoriAllBlacks.md
 create mode 100644 reviews/2024-06-29-NewEnglandFreeJacks-AnthemRC.md
 create mode 100644 reviews/2024-06-29-Newman-CASI.md
 create mode 100644 reviews/2024-06-29-OldGloryDC-NOLAGold.md
 create mode 100644 reviews/2024-06-29-SanDiegoLegion-SeattleSeawolves.md
 rename reviews/{2024-06-22-Guyana-TrinidadandTobago.md => 2024-06-29-Singapore-Thailand.md} (55%)
 create mode 100644 reviews/2024-06-29-SouthAfricaU20-FijiU20.md
 create mode 100644 reviews/2024-06-29-WalesU20-NewZealandU20.md
 rewrite reviews/plots/club_comp_rmse_skills.png (97%)
 rewrite reviews/plots/domestic_rmse_skills.png (98%)
 rewrite reviews/plots/international_rmse_skills.png (98%)
 rewrite reviews/plots/mod_binary_accuracies.png (98%)
 rewrite reviews/plots/mod_binary_brier.png (99%)
 rewrite reviews/plots/mod_margin_rmse.png (99%)
 delete mode 100644 reviews/plots/performances_2024-06-18-ChicagoHounds-SanDiegoLegion.png
 delete mode 100644 reviews/plots/performances_2024-06-21-StadeToulousain-LaRochelle.png
 delete mode 100644 reviews/plots/performances_2024-06-21-UnitedArabEmirates-Malaysia.png
 delete mode 100644 reviews/plots/performances_2024-06-22-AnthemRC-ChicagoHounds.png
 delete mode 100644 reviews/plots/performances_2024-06-22-Barbarians-Fiji.png
 delete mode 100644 reviews/plots/performances_2024-06-22-Blues-Chiefs.png
 delete mode 100644 reviews/plots/performances_2024-06-22-Bulls-GlasgowWarriors.png
 delete mode 100644 reviews/plots/performances_2024-06-22-CASI-AtleticodelRosario.png
 delete mode 100644 reviews/plots/performances_2024-06-22-CUBA-Champagnat.png
 delete mode 100644 reviews/plots/performances_2024-06-22-Gloucester-HartpuryWomen-BristolBearsWomen.png
 delete mode 100644 reviews/plots/performances_2024-06-22-Guyana-TrinidadandTobago.png
 delete mode 100644 reviews/plots/performances_2024-06-22-Hindu-Belgrano.png
 delete mode 100644 reviews/plots/performances_2024-06-22-HongKong-KoreaRepublic.png
 delete mode 100644 reviews/plots/performances_2024-06-22-Japan-England.png
 delete mode 100644 reviews/plots/performances_2024-06-22-MiamiSharks-OldGloryDC.png
 delete mode 100644 reviews/plots/performances_2024-06-22-NOLAGold-NewEnglandFreeJacks.png
 delete mode 100644 reviews/plots/performances_2024-06-22-RegatasBellaVista-Newman.png
 delete mode 100644 reviews/plots/performances_2024-06-22-SIC-Alumni.png
 delete mode 100644 reviews/plots/performances_2024-06-22-SanLuis-BuenosAires.png
 delete mode 100644 reviews/plots/performances_2024-06-22-SeattleSeawolves-RFCLosAngeles.png
 delete mode 100644 reviews/plots/performances_2024-06-22-SouthAfrica-Wales.png
 delete mode 100644 reviews/plots/performances_2024-06-22-StadeFrancaisParis-BordeauxBegles.png
 delete mode 100644 reviews/plots/performances_2024-06-22-UtahWarriors-DallasJackals.png
 delete mode 100644 reviews/plots/performances_2024-06-23-SanDiegoLegion-HoustonSaberCats.png
 create mode 100644 reviews/plots/performances_2024-06-28-StadeToulousain-BordeauxBegles.png
 create mode 100644 reviews/plots/performances_2024-06-28-UtahWarriors-RFCLosAngeles.png
 create mode 100644 reviews/plots/performances_2024-06-29-Alumni-Hindu.png
 create mode 100644 reviews/plots/performances_2024-06-29-AtleticodelRosario-CUBA.png
 create mode 100644 reviews/plots/performances_2024-06-29-AustraliaU20-GeorgiaU20.png
 create mode 100644 reviews/plots/performances_2024-06-29-Bahamas-Jamaica.png
 create mode 100644 reviews/plots/performances_2024-06-29-Belgrano-SanLuis.png
 create mode 100644 reviews/plots/performances_2024-06-29-BuenosAires-RegatasBellaVista.png
 create mode 100644 reviews/plots/performances_2024-06-29-Champagnat-SIC.png
 create mode 100644 reviews/plots/performances_2024-06-29-ChicagoHounds-MiamiSharks.png
 create mode 100644 reviews/plots/performances_2024-06-29-EnglandU20-ArgentinaU20.png
 create mode 100644 reviews/plots/performances_2024-06-29-FranceU20-SpainU20.png
 create mode 100644 reviews/plots/performances_2024-06-29-HoustonSaberCats-DallasJackals.png
 create mode 100644 reviews/plots/performances_2024-06-29-IrelandU20-ItalyU20.png
 create mode 100644 reviews/plots/performances_2024-06-29-JapanA-MaoriAllBlacks.png
 create mode 100644 reviews/plots/performances_2024-06-29-NewEnglandFreeJacks-AnthemRC.png
 create mode 100644 reviews/plots/performances_2024-06-29-Newman-CASI.png
 create mode 100644 reviews/plots/performances_2024-06-29-OldGloryDC-NOLAGold.png
 create mode 100644 reviews/plots/performances_2024-06-29-SanDiegoLegion-SeattleSeawolves.png
 create mode 100644 reviews/plots/performances_2024-06-29-Singapore-Thailand.png
 create mode 100644 reviews/plots/performances_2024-06-29-SouthAfricaU20-FijiU20.png
 create mode 100644 reviews/plots/performances_2024-06-29-WalesU20-NewZealandU20.png
 delete mode 100644 reviews/plots/performances_plr_2024-06-21-StadeToulousain-LaRochelle.png
 delete mode 100644 reviews/plots/performances_plr_2024-06-22-AnthemRC-ChicagoHounds.png
 delete mode 100644 reviews/plots/performances_plr_2024-06-22-Barbarians-Fiji.png
 delete mode 100644 reviews/plots/performances_plr_2024-06-22-Blues-Chiefs.png
 delete mode 100644 reviews/plots/performances_plr_2024-06-22-Bulls-GlasgowWarriors.png
 delete mode 100644 reviews/plots/performances_plr_2024-06-22-CASI-AtleticodelRosario.png
 delete mode 100644 reviews/plots/performances_plr_2024-06-22-CUBA-Champagnat.png
 delete mode 100644 reviews/plots/performances_plr_2024-06-22-Hindu-Belgrano.png
 delete mode 100644 reviews/plots/performances_plr_2024-06-22-Japan-England.png
 delete mode 100644 reviews/plots/performances_plr_2024-06-22-MiamiSharks-OldGloryDC.png
 delete mode 100644 reviews/plots/performances_plr_2024-06-22-NOLAGold-NewEnglandFreeJacks.png
 delete mode 100644 reviews/plots/performances_plr_2024-06-22-RegatasBellaVista-Newman.png
 delete mode 100644 reviews/plots/performances_plr_2024-06-22-SIC-Alumni.png
 delete mode 100644 reviews/plots/performances_plr_2024-06-22-SanLuis-BuenosAires.png
 delete mode 100644 reviews/plots/performances_plr_2024-06-22-SeattleSeawolves-RFCLosAngeles.png
 delete mode 100644 reviews/plots/performances_plr_2024-06-22-SouthAfrica-Wales.png
 delete mode 100644 reviews/plots/performances_plr_2024-06-22-StadeFrancaisParis-BordeauxBegles.png
 delete mode 100644 reviews/plots/performances_plr_2024-06-22-UtahWarriors-DallasJackals.png
 delete mode 100644 reviews/plots/performances_plr_2024-06-23-SanDiegoLegion-HoustonSaberCats.png
 create mode 100644 reviews/plots/performances_plr_2024-06-28-StadeToulousain-BordeauxBegles.png
 create mode 100644 reviews/plots/performances_plr_2024-06-28-UtahWarriors-RFCLosAngeles.png
 create mode 100644 reviews/plots/performances_plr_2024-06-29-Alumni-Hindu.png
 create mode 100644 reviews/plots/performances_plr_2024-06-29-AtleticodelRosario-CUBA.png
 create mode 100644 reviews/plots/performances_plr_2024-06-29-Belgrano-SanLuis.png
 create mode 100644 reviews/plots/performances_plr_2024-06-29-BuenosAires-RegatasBellaVista.png
 create mode 100644 reviews/plots/performances_plr_2024-06-29-Champagnat-SIC.png
 create mode 100644 reviews/plots/performances_plr_2024-06-29-ChicagoHounds-MiamiSharks.png
 create mode 100644 reviews/plots/performances_plr_2024-06-29-EnglandU20-ArgentinaU20.png
 create mode 100644 reviews/plots/performances_plr_2024-06-29-FranceU20-SpainU20.png
 create mode 100644 reviews/plots/performances_plr_2024-06-29-HoustonSaberCats-DallasJackals.png
 create mode 100644 reviews/plots/performances_plr_2024-06-29-IrelandU20-ItalyU20.png
 create mode 100644 reviews/plots/performances_plr_2024-06-29-JapanA-MaoriAllBlacks.png
 create mode 100644 reviews/plots/performances_plr_2024-06-29-NewEnglandFreeJacks-AnthemRC.png
 create mode 100644 reviews/plots/performances_plr_2024-06-29-Newman-CASI.png
 create mode 100644 reviews/plots/performances_plr_2024-06-29-OldGloryDC-NOLAGold.png
 create mode 100644 reviews/plots/performances_plr_2024-06-29-SanDiegoLegion-SeattleSeawolves.png
 create mode 100644 reviews/plots/performances_plr_2024-06-29-WalesU20-NewZealandU20.png
 rewrite reviews/plots/pro_rmse_skills.png (97%)
 delete mode 100644 reviews/plots/resultbar_2024-06-18-ChicagoHounds-SanDiegoLegion.png
 delete mode 100644 reviews/plots/resultbar_2024-06-21-StadeToulousain-LaRochelle.png
 delete mode 100644 reviews/plots/resultbar_2024-06-21-UnitedArabEmirates-Malaysia.png
 delete mode 100644 reviews/plots/resultbar_2024-06-22-AnthemRC-ChicagoHounds.png
 delete mode 100644 reviews/plots/resultbar_2024-06-22-Barbarians-Fiji.png
 delete mode 100644 reviews/plots/resultbar_2024-06-22-Blues-Chiefs.png
 delete mode 100644 reviews/plots/resultbar_2024-06-22-Bulls-GlasgowWarriors.png
 delete mode 100644 reviews/plots/resultbar_2024-06-22-CASI-AtleticodelRosario.png
 delete mode 100644 reviews/plots/resultbar_2024-06-22-CUBA-Champagnat.png
 delete mode 100644 reviews/plots/resultbar_2024-06-22-Gloucester-HartpuryWomen-BristolBearsWomen.png
 delete mode 100644 reviews/plots/resultbar_2024-06-22-Guyana-TrinidadandTobago.png
 delete mode 100644 reviews/plots/resultbar_2024-06-22-Hindu-Belgrano.png
 delete mode 100644 reviews/plots/resultbar_2024-06-22-HongKong-KoreaRepublic.png
 delete mode 100644 reviews/plots/resultbar_2024-06-22-Japan-England.png
 delete mode 100644 reviews/plots/resultbar_2024-06-22-MiamiSharks-OldGloryDC.png
 delete mode 100644 reviews/plots/resultbar_2024-06-22-NOLAGold-NewEnglandFreeJacks.png
 delete mode 100644 reviews/plots/resultbar_2024-06-22-RegatasBellaVista-Newman.png
 delete mode 100644 reviews/plots/resultbar_2024-06-22-SIC-Alumni.png
 delete mode 100644 reviews/plots/resultbar_2024-06-22-SanLuis-BuenosAires.png
 delete mode 100644 reviews/plots/resultbar_2024-06-22-SeattleSeawolves-RFCLosAngeles.png
 delete mode 100644 reviews/plots/resultbar_2024-06-22-SouthAfrica-Wales.png
 delete mode 100644 reviews/plots/resultbar_2024-06-22-StadeFrancaisParis-BordeauxBegles.png
 delete mode 100644 reviews/plots/resultbar_2024-06-22-UtahWarriors-DallasJackals.png
 delete mode 100644 reviews/plots/resultbar_2024-06-23-SanDiegoLegion-HoustonSaberCats.png
 create mode 100644 reviews/plots/resultbar_2024-06-28-StadeToulousain-BordeauxBegles.png
 create mode 100644 reviews/plots/resultbar_2024-06-28-UtahWarriors-RFCLosAngeles.png
 create mode 100644 reviews/plots/resultbar_2024-06-29-Alumni-Hindu.png
 create mode 100644 reviews/plots/resultbar_2024-06-29-AtleticodelRosario-CUBA.png
 create mode 100644 reviews/plots/resultbar_2024-06-29-AustraliaU20-GeorgiaU20.png
 create mode 100644 reviews/plots/resultbar_2024-06-29-Bahamas-Jamaica.png
 create mode 100644 reviews/plots/resultbar_2024-06-29-Belgrano-SanLuis.png
 create mode 100644 reviews/plots/resultbar_2024-06-29-BuenosAires-RegatasBellaVista.png
 create mode 100644 reviews/plots/resultbar_2024-06-29-Champagnat-SIC.png
 create mode 100644 reviews/plots/resultbar_2024-06-29-ChicagoHounds-MiamiSharks.png
 create mode 100644 reviews/plots/resultbar_2024-06-29-EnglandU20-ArgentinaU20.png
 create mode 100644 reviews/plots/resultbar_2024-06-29-FranceU20-SpainU20.png
 create mode 100644 reviews/plots/resultbar_2024-06-29-HoustonSaberCats-DallasJackals.png
 create mode 100644 reviews/plots/resultbar_2024-06-29-IrelandU20-ItalyU20.png
 create mode 100644 reviews/plots/resultbar_2024-06-29-JapanA-MaoriAllBlacks.png
 create mode 100644 reviews/plots/resultbar_2024-06-29-NewEnglandFreeJacks-AnthemRC.png
 create mode 100644 reviews/plots/resultbar_2024-06-29-Newman-CASI.png
 create mode 100644 reviews/plots/resultbar_2024-06-29-OldGloryDC-NOLAGold.png
 create mode 100644 reviews/plots/resultbar_2024-06-29-SanDiegoLegion-SeattleSeawolves.png
 create mode 100644 reviews/plots/resultbar_2024-06-29-Singapore-Thailand.png
 create mode 100644 reviews/plots/resultbar_2024-06-29-SouthAfricaU20-FijiU20.png
 create mode 100644 reviews/plots/resultbar_2024-06-29-WalesU20-NewZealandU20.png
 delete mode 100644 reviews/plots/resultbar_plr_2024-06-21-StadeToulousain-LaRochelle.png
 delete mode 100644 reviews/plots/resultbar_plr_2024-06-22-AnthemRC-ChicagoHounds.png
 delete mode 100644 reviews/plots/resultbar_plr_2024-06-22-Barbarians-Fiji.png
 delete mode 100644 reviews/plots/resultbar_plr_2024-06-22-Blues-Chiefs.png
 delete mode 100644 reviews/plots/resultbar_plr_2024-06-22-Bulls-GlasgowWarriors.png
 delete mode 100644 reviews/plots/resultbar_plr_2024-06-22-CASI-AtleticodelRosario.png
 delete mode 100644 reviews/plots/resultbar_plr_2024-06-22-CUBA-Champagnat.png
 delete mode 100644 reviews/plots/resultbar_plr_2024-06-22-Hindu-Belgrano.png
 delete mode 100644 reviews/plots/resultbar_plr_2024-06-22-Japan-England.png
 delete mode 100644 reviews/plots/resultbar_plr_2024-06-22-MiamiSharks-OldGloryDC.png
 delete mode 100644 reviews/plots/resultbar_plr_2024-06-22-NOLAGold-NewEnglandFreeJacks.png
 delete mode 100644 reviews/plots/resultbar_plr_2024-06-22-RegatasBellaVista-Newman.png
 delete mode 100644 reviews/plots/resultbar_plr_2024-06-22-SIC-Alumni.png
 delete mode 100644 reviews/plots/resultbar_plr_2024-06-22-SanLuis-BuenosAires.png
 delete mode 100644 reviews/plots/resultbar_plr_2024-06-22-SeattleSeawolves-RFCLosAngeles.png
 delete mode 100644 reviews/plots/resultbar_plr_2024-06-22-SouthAfrica-Wales.png
 delete mode 100644 reviews/plots/resultbar_plr_2024-06-22-StadeFrancaisParis-BordeauxBegles.png
 delete mode 100644 reviews/plots/resultbar_plr_2024-06-22-UtahWarriors-DallasJackals.png
 delete mode 100644 reviews/plots/resultbar_plr_2024-06-23-SanDiegoLegion-HoustonSaberCats.png
 create mode 100644 reviews/plots/resultbar_plr_2024-06-28-StadeToulousain-BordeauxBegles.png
 create mode 100644 reviews/plots/resultbar_plr_2024-06-28-UtahWarriors-RFCLosAngeles.png
 create mode 100644 reviews/plots/resultbar_plr_2024-06-29-Alumni-Hindu.png
 create mode 100644 reviews/plots/resultbar_plr_2024-06-29-AtleticodelRosario-CUBA.png
 create mode 100644 reviews/plots/resultbar_plr_2024-06-29-Belgrano-SanLuis.png
 create mode 100644 reviews/plots/resultbar_plr_2024-06-29-BuenosAires-RegatasBellaVista.png
 create mode 100644 reviews/plots/resultbar_plr_2024-06-29-Champagnat-SIC.png
 create mode 100644 reviews/plots/resultbar_plr_2024-06-29-ChicagoHounds-MiamiSharks.png
 create mode 100644 reviews/plots/resultbar_plr_2024-06-29-EnglandU20-ArgentinaU20.png
 create mode 100644 reviews/plots/resultbar_plr_2024-06-29-FranceU20-SpainU20.png
 create mode 100644 reviews/plots/resultbar_plr_2024-06-29-HoustonSaberCats-DallasJackals.png
 create mode 100644 reviews/plots/resultbar_plr_2024-06-29-IrelandU20-ItalyU20.png
 create mode 100644 reviews/plots/resultbar_plr_2024-06-29-JapanA-MaoriAllBlacks.png
 create mode 100644 reviews/plots/resultbar_plr_2024-06-29-NewEnglandFreeJacks-AnthemRC.png
 create mode 100644 reviews/plots/resultbar_plr_2024-06-29-Newman-CASI.png
 create mode 100644 reviews/plots/resultbar_plr_2024-06-29-OldGloryDC-NOLAGold.png
 create mode 100644 reviews/plots/resultbar_plr_2024-06-29-SanDiegoLegion-SeattleSeawolves.png
 create mode 100644 reviews/plots/resultbar_plr_2024-06-29-WalesU20-NewZealandU20.png
 delete mode 100644 reviews/plots/spreads_2024-06-18-ChicagoHounds-SanDiegoLegion.png
 delete mode 100644 reviews/plots/spreads_2024-06-21-StadeToulousain-LaRochelle.png
 delete mode 100644 reviews/plots/spreads_2024-06-21-UnitedArabEmirates-Malaysia.png
 delete mode 100644 reviews/plots/spreads_2024-06-22-AnthemRC-ChicagoHounds.png
 delete mode 100644 reviews/plots/spreads_2024-06-22-Barbarians-Fiji.png
 delete mode 100644 reviews/plots/spreads_2024-06-22-Blues-Chiefs.png
 delete mode 100644 reviews/plots/spreads_2024-06-22-Bulls-GlasgowWarriors.png
 delete mode 100644 reviews/plots/spreads_2024-06-22-CASI-AtleticodelRosario.png
 delete mode 100644 reviews/plots/spreads_2024-06-22-CUBA-Champagnat.png
 delete mode 100644 reviews/plots/spreads_2024-06-22-Gloucester-HartpuryWomen-BristolBearsWomen.png
 delete mode 100644 reviews/plots/spreads_2024-06-22-Guyana-TrinidadandTobago.png
 delete mode 100644 reviews/plots/spreads_2024-06-22-Hindu-Belgrano.png
 delete mode 100644 reviews/plots/spreads_2024-06-22-HongKong-KoreaRepublic.png
 delete mode 100644 reviews/plots/spreads_2024-06-22-Japan-England.png
 delete mode 100644 reviews/plots/spreads_2024-06-22-MiamiSharks-OldGloryDC.png
 delete mode 100644 reviews/plots/spreads_2024-06-22-NOLAGold-NewEnglandFreeJacks.png
 delete mode 100644 reviews/plots/spreads_2024-06-22-RegatasBellaVista-Newman.png
 delete mode 100644 reviews/plots/spreads_2024-06-22-SIC-Alumni.png
 delete mode 100644 reviews/plots/spreads_2024-06-22-SanLuis-BuenosAires.png
 delete mode 100644 reviews/plots/spreads_2024-06-22-SeattleSeawolves-RFCLosAngeles.png
 delete mode 100644 reviews/plots/spreads_2024-06-22-SouthAfrica-Wales.png
 delete mode 100644 reviews/plots/spreads_2024-06-22-StadeFrancaisParis-BordeauxBegles.png
 delete mode 100644 reviews/plots/spreads_2024-06-22-UtahWarriors-DallasJackals.png
 delete mode 100644 reviews/plots/spreads_2024-06-23-SanDiegoLegion-HoustonSaberCats.png
 create mode 100644 reviews/plots/spreads_2024-06-28-StadeToulousain-BordeauxBegles.png
 create mode 100644 reviews/plots/spreads_2024-06-28-UtahWarriors-RFCLosAngeles.png
 create mode 100644 reviews/plots/spreads_2024-06-29-Alumni-Hindu.png
 create mode 100644 reviews/plots/spreads_2024-06-29-AtleticodelRosario-CUBA.png
 create mode 100644 reviews/plots/spreads_2024-06-29-AustraliaU20-GeorgiaU20.png
 create mode 100644 reviews/plots/spreads_2024-06-29-Bahamas-Jamaica.png
 create mode 100644 reviews/plots/spreads_2024-06-29-Belgrano-SanLuis.png
 create mode 100644 reviews/plots/spreads_2024-06-29-BuenosAires-RegatasBellaVista.png
 create mode 100644 reviews/plots/spreads_2024-06-29-Champagnat-SIC.png
 create mode 100644 reviews/plots/spreads_2024-06-29-ChicagoHounds-MiamiSharks.png
 create mode 100644 reviews/plots/spreads_2024-06-29-EnglandU20-ArgentinaU20.png
 create mode 100644 reviews/plots/spreads_2024-06-29-FranceU20-SpainU20.png
 create mode 100644 reviews/plots/spreads_2024-06-29-HoustonSaberCats-DallasJackals.png
 create mode 100644 reviews/plots/spreads_2024-06-29-IrelandU20-ItalyU20.png
 create mode 100644 reviews/plots/spreads_2024-06-29-JapanA-MaoriAllBlacks.png
 create mode 100644 reviews/plots/spreads_2024-06-29-NewEnglandFreeJacks-AnthemRC.png
 create mode 100644 reviews/plots/spreads_2024-06-29-Newman-CASI.png
 create mode 100644 reviews/plots/spreads_2024-06-29-OldGloryDC-NOLAGold.png
 create mode 100644 reviews/plots/spreads_2024-06-29-SanDiegoLegion-SeattleSeawolves.png
 create mode 100644 reviews/plots/spreads_2024-06-29-Singapore-Thailand.png
 create mode 100644 reviews/plots/spreads_2024-06-29-SouthAfricaU20-FijiU20.png
 create mode 100644 reviews/plots/spreads_2024-06-29-WalesU20-NewZealandU20.png
 delete mode 100644 reviews/plots/spreads_plr_2024-06-21-StadeToulousain-LaRochelle.png
 delete mode 100644 reviews/plots/spreads_plr_2024-06-22-AnthemRC-ChicagoHounds.png
 delete mode 100644 reviews/plots/spreads_plr_2024-06-22-Barbarians-Fiji.png
 delete mode 100644 reviews/plots/spreads_plr_2024-06-22-Blues-Chiefs.png
 delete mode 100644 reviews/plots/spreads_plr_2024-06-22-Bulls-GlasgowWarriors.png
 delete mode 100644 reviews/plots/spreads_plr_2024-06-22-CASI-AtleticodelRosario.png
 delete mode 100644 reviews/plots/spreads_plr_2024-06-22-CUBA-Champagnat.png
 delete mode 100644 reviews/plots/spreads_plr_2024-06-22-Hindu-Belgrano.png
 delete mode 100644 reviews/plots/spreads_plr_2024-06-22-Japan-England.png
 delete mode 100644 reviews/plots/spreads_plr_2024-06-22-MiamiSharks-OldGloryDC.png
 delete mode 100644 reviews/plots/spreads_plr_2024-06-22-NOLAGold-NewEnglandFreeJacks.png
 delete mode 100644 reviews/plots/spreads_plr_2024-06-22-RegatasBellaVista-Newman.png
 delete mode 100644 reviews/plots/spreads_plr_2024-06-22-SIC-Alumni.png
 delete mode 100644 reviews/plots/spreads_plr_2024-06-22-SanLuis-BuenosAires.png
 delete mode 100644 reviews/plots/spreads_plr_2024-06-22-SeattleSeawolves-RFCLosAngeles.png
 delete mode 100644 reviews/plots/spreads_plr_2024-06-22-SouthAfrica-Wales.png
 delete mode 100644 reviews/plots/spreads_plr_2024-06-22-StadeFrancaisParis-BordeauxBegles.png
 delete mode 100644 reviews/plots/spreads_plr_2024-06-22-UtahWarriors-DallasJackals.png
 delete mode 100644 reviews/plots/spreads_plr_2024-06-23-SanDiegoLegion-HoustonSaberCats.png
 create mode 100644 reviews/plots/spreads_plr_2024-06-28-StadeToulousain-BordeauxBegles.png
 create mode 100644 reviews/plots/spreads_plr_2024-06-28-UtahWarriors-RFCLosAngeles.png
 create mode 100644 reviews/plots/spreads_plr_2024-06-29-Alumni-Hindu.png
 create mode 100644 reviews/plots/spreads_plr_2024-06-29-AtleticodelRosario-CUBA.png
 create mode 100644 reviews/plots/spreads_plr_2024-06-29-Belgrano-SanLuis.png
 create mode 100644 reviews/plots/spreads_plr_2024-06-29-BuenosAires-RegatasBellaVista.png
 create mode 100644 reviews/plots/spreads_plr_2024-06-29-Champagnat-SIC.png
 create mode 100644 reviews/plots/spreads_plr_2024-06-29-ChicagoHounds-MiamiSharks.png
 create mode 100644 reviews/plots/spreads_plr_2024-06-29-EnglandU20-ArgentinaU20.png
 create mode 100644 reviews/plots/spreads_plr_2024-06-29-FranceU20-SpainU20.png
 create mode 100644 reviews/plots/spreads_plr_2024-06-29-HoustonSaberCats-DallasJackals.png
 create mode 100644 reviews/plots/spreads_plr_2024-06-29-IrelandU20-ItalyU20.png
 create mode 100644 reviews/plots/spreads_plr_2024-06-29-JapanA-MaoriAllBlacks.png
 create mode 100644 reviews/plots/spreads_plr_2024-06-29-NewEnglandFreeJacks-AnthemRC.png
 create mode 100644 reviews/plots/spreads_plr_2024-06-29-Newman-CASI.png
 create mode 100644 reviews/plots/spreads_plr_2024-06-29-OldGloryDC-NOLAGold.png
 create mode 100644 reviews/plots/spreads_plr_2024-06-29-SanDiegoLegion-SeattleSeawolves.png
 create mode 100644 reviews/plots/spreads_plr_2024-06-29-WalesU20-NewZealandU20.png
 rewrite reviews/plots/v2_comp_rmse_skills.png (99%)
 delete mode 100644 soc_posts/2024-06-28-StadeToulousain-BordeauxBegles.png
 delete mode 100644 soc_posts/2024-06-28-UtahWarriors-RFCLosAngeles.png
 delete mode 100644 soc_posts/2024-06-29-Alumni-Hindu.png
 delete mode 100644 soc_posts/2024-06-29-AtleticodelRosario-CUBA.png
 delete mode 100644 soc_posts/2024-06-29-AustraliaU20-GeorgiaU20.png
 delete mode 100644 soc_posts/2024-06-29-Bahamas-Jamaica.png
 delete mode 100644 soc_posts/2024-06-29-Belgrano-SanLuis.png
 delete mode 100644 soc_posts/2024-06-29-BuenosAires-RegatasBellaVista.png
 delete mode 100644 soc_posts/2024-06-29-Champagnat-SIC.png
 delete mode 100644 soc_posts/2024-06-29-ChicagoHounds-MiamiSharks.png
 delete mode 100644 soc_posts/2024-06-29-EnglandU20-ArgentinaU20.png
 delete mode 100644 soc_posts/2024-06-29-FranceU20-SpainU20.png
 delete mode 100644 soc_posts/2024-06-29-HoustonSaberCats-DallasJackals.png
 delete mode 100644 soc_posts/2024-06-29-IrelandU20-ItalyU20.png
 delete mode 100644 soc_posts/2024-06-29-NewEnglandFreeJacks-AnthemRC.png
 delete mode 100644 soc_posts/2024-06-29-Newman-CASI.png
 delete mode 100644 soc_posts/2024-06-29-OldGloryDC-NOLAGold.png
 delete mode 100644 soc_posts/2024-06-29-SanDiegoLegion-SeattleSeawolves.png
 delete mode 100644 soc_posts/2024-06-29-Singapore-Thailand.png
 delete mode 100644 soc_posts/2024-06-29-SouthAfricaU20-FijiU20.png
 delete mode 100644 soc_posts/2024-06-29-WalesU20-NewZealandU20.png
 delete mode 100644 soc_posts/2024-06-30-UtahWarriors-RFCLosAngeles.png
 create mode 100644 soc_posts/2024-07-02-ChineseTaipei-Thailand.png
 create mode 100644 soc_posts/2024-07-04-AustraliaU20-ItalyU20.png
 create mode 100644 soc_posts/2024-07-04-EnglandU20-FijiU20.png
 create mode 100644 soc_posts/2024-07-04-FranceU20-NewZealandU20.png
 create mode 100644 soc_posts/2024-07-04-IrelandU20-GeorgiaU20.png
 create mode 100644 soc_posts/2024-07-04-SouthAfricaU20-ArgentinaU20.png
 create mode 100644 soc_posts/2024-07-04-WalesU20-SpainU20.png
 create mode 100644 soc_posts/2024-07-05-Georgia-Fiji.png
 create mode 100644 soc_posts/2024-07-05-Griquas-Pumas.png
 create mode 100644 soc_posts/2024-07-05-Samoa-Italy.png
 create mode 100644 soc_posts/2024-07-05-Sharks-GoldenLions.png
 create mode 100644 soc_posts/2024-07-05-Singapore-ChineseTaipei.png
 create mode 100644 soc_posts/2024-07-06-Argentina-France.png
 create mode 100644 soc_posts/2024-07-06-AtleticodelRosario-SIC.png
 create mode 100644 soc_posts/2024-07-06-Australia-Wales.png
 create mode 100644 soc_posts/2024-07-06-Belgrano-RegatasBellaVista.png
 create mode 100644 soc_posts/2024-07-06-BuenosAires-CASI.png
 create mode 100644 soc_posts/2024-07-06-Canada-Scotland.png
 create mode 100644 soc_posts/2024-07-06-Champagnat-Alumni.png
 create mode 100644 soc_posts/2024-07-06-Chile-HongKong.png
 create mode 100644 soc_posts/2024-07-06-FreeStateCheetahs-Griffons.png
 create mode 100644 soc_posts/2024-07-06-Hindu-SanLuis.png
 create mode 100644 soc_posts/2024-07-06-NewZealand-England.png
 create mode 100644 soc_posts/2024-07-06-Newman-CUBA.png
 create mode 100644 soc_posts/2024-07-06-SouthAfrica-Ireland.png
 create mode 100644 soc_posts/2024-07-06-UnitedStatesofAmerica-Romania.png
 create mode 100644 soc_posts/2024-07-07-WesternProvince-BlueBulls.png
 delete mode 100644 soc_posts/plr_review-2024-06-21-StadeToulousain-LaRochelle.png
 delete mode 100644 soc_posts/plr_review-2024-06-22-AnthemRC-ChicagoHounds.png
 delete mode 100644 soc_posts/plr_review-2024-06-22-Barbarians-Fiji.png
 delete mode 100644 soc_posts/plr_review-2024-06-22-Blues-Chiefs.png
 delete mode 100644 soc_posts/plr_review-2024-06-22-Bulls-GlasgowWarriors.png
 delete mode 100644 soc_posts/plr_review-2024-06-22-CASI-AtleticodelRosario.png
 delete mode 100644 soc_posts/plr_review-2024-06-22-CUBA-Champagnat.png
 delete mode 100644 soc_posts/plr_review-2024-06-22-Hindu-Belgrano.png
 delete mode 100644 soc_posts/plr_review-2024-06-22-Japan-England.png
 delete mode 100644 soc_posts/plr_review-2024-06-22-MiamiSharks-OldGloryDC.png
 delete mode 100644 soc_posts/plr_review-2024-06-22-NOLAGold-NewEnglandFreeJacks.png
 delete mode 100644 soc_posts/plr_review-2024-06-22-RegatasBellaVista-Newman.png
 delete mode 100644 soc_posts/plr_review-2024-06-22-SIC-Alumni.png
 delete mode 100644 soc_posts/plr_review-2024-06-22-SanLuis-BuenosAires.png
 delete mode 100644 soc_posts/plr_review-2024-06-22-SeattleSeawolves-RFCLosAngeles.png
 delete mode 100644 soc_posts/plr_review-2024-06-22-SouthAfrica-Wales.png
 delete mode 100644 soc_posts/plr_review-2024-06-22-StadeFrancaisParis-BordeauxBegles.png
 delete mode 100644 soc_posts/plr_review-2024-06-22-UtahWarriors-DallasJackals.png
 delete mode 100644 soc_posts/plr_review-2024-06-23-SanDiegoLegion-HoustonSaberCats.png
 create mode 100644 soc_posts/plr_review-2024-06-28-StadeToulousain-BordeauxBegles.png
 create mode 100644 soc_posts/plr_review-2024-06-28-UtahWarriors-RFCLosAngeles.png
 create mode 100644 soc_posts/plr_review-2024-06-29-Alumni-Hindu.png
 create mode 100644 soc_posts/plr_review-2024-06-29-AtleticodelRosario-CUBA.png
 create mode 100644 soc_posts/plr_review-2024-06-29-Belgrano-SanLuis.png
 create mode 100644 soc_posts/plr_review-2024-06-29-BuenosAires-RegatasBellaVista.png
 create mode 100644 soc_posts/plr_review-2024-06-29-Champagnat-SIC.png
 create mode 100644 soc_posts/plr_review-2024-06-29-ChicagoHounds-MiamiSharks.png
 create mode 100644 soc_posts/plr_review-2024-06-29-EnglandU20-ArgentinaU20.png
 create mode 100644 soc_posts/plr_review-2024-06-29-FranceU20-SpainU20.png
 create mode 100644 soc_posts/plr_review-2024-06-29-HoustonSaberCats-DallasJackals.png
 create mode 100644 soc_posts/plr_review-2024-06-29-IrelandU20-ItalyU20.png
 create mode 100644 soc_posts/plr_review-2024-06-29-JapanA-MaoriAllBlacks.png
 create mode 100644 soc_posts/plr_review-2024-06-29-NewEnglandFreeJacks-AnthemRC.png
 create mode 100644 soc_posts/plr_review-2024-06-29-Newman-CASI.png
 create mode 100644 soc_posts/plr_review-2024-06-29-OldGloryDC-NOLAGold.png
 create mode 100644 soc_posts/plr_review-2024-06-29-SanDiegoLegion-SeattleSeawolves.png
 create mode 100644 soc_posts/plr_review-2024-06-29-WalesU20-NewZealandU20.png
 delete mode 100644 soc_posts/review-2024-06-18-ChicagoHounds-SanDiegoLegion.png
 delete mode 100644 soc_posts/review-2024-06-21-StadeToulousain-LaRochelle.png
 delete mode 100644 soc_posts/review-2024-06-21-UnitedArabEmirates-Malaysia.png
 delete mode 100644 soc_posts/review-2024-06-22-AnthemRC-ChicagoHounds.png
 delete mode 100644 soc_posts/review-2024-06-22-Barbarians-Fiji.png
 delete mode 100644 soc_posts/review-2024-06-22-Blues-Chiefs.png
 delete mode 100644 soc_posts/review-2024-06-22-Bulls-GlasgowWarriors.png
 delete mode 100644 soc_posts/review-2024-06-22-CASI-AtleticodelRosario.png
 delete mode 100644 soc_posts/review-2024-06-22-CUBA-Champagnat.png
 delete mode 100644 soc_posts/review-2024-06-22-Gloucester-HartpuryWomen-BristolBearsWomen.png
 delete mode 100644 soc_posts/review-2024-06-22-Guyana-TrinidadandTobago.png
 delete mode 100644 soc_posts/review-2024-06-22-Hindu-Belgrano.png
 delete mode 100644 soc_posts/review-2024-06-22-HongKong-KoreaRepublic.png
 delete mode 100644 soc_posts/review-2024-06-22-Japan-England.png
 delete mode 100644 soc_posts/review-2024-06-22-MiamiSharks-OldGloryDC.png
 delete mode 100644 soc_posts/review-2024-06-22-NOLAGold-NewEnglandFreeJacks.png
 delete mode 100644 soc_posts/review-2024-06-22-RegatasBellaVista-Newman.png
 delete mode 100644 soc_posts/review-2024-06-22-SIC-Alumni.png
 delete mode 100644 soc_posts/review-2024-06-22-SanLuis-BuenosAires.png
 delete mode 100644 soc_posts/review-2024-06-22-SeattleSeawolves-RFCLosAngeles.png
 delete mode 100644 soc_posts/review-2024-06-22-SouthAfrica-Wales.png
 delete mode 100644 soc_posts/review-2024-06-22-StadeFrancaisParis-BordeauxBegles.png
 delete mode 100644 soc_posts/review-2024-06-22-UtahWarriors-DallasJackals.png
 delete mode 100644 soc_posts/review-2024-06-23-SanDiegoLegion-HoustonSaberCats.png
 create mode 100644 soc_posts/review-2024-06-28-StadeToulousain-BordeauxBegles.png
 create mode 100644 soc_posts/review-2024-06-28-UtahWarriors-RFCLosAngeles.png
 create mode 100644 soc_posts/review-2024-06-29-Alumni-Hindu.png
 create mode 100644 soc_posts/review-2024-06-29-AtleticodelRosario-CUBA.png
 create mode 100644 soc_posts/review-2024-06-29-AustraliaU20-GeorgiaU20.png
 create mode 100644 soc_posts/review-2024-06-29-Bahamas-Jamaica.png
 create mode 100644 soc_posts/review-2024-06-29-Belgrano-SanLuis.png
 create mode 100644 soc_posts/review-2024-06-29-BuenosAires-RegatasBellaVista.png
 create mode 100644 soc_posts/review-2024-06-29-Champagnat-SIC.png
 create mode 100644 soc_posts/review-2024-06-29-ChicagoHounds-MiamiSharks.png
 create mode 100644 soc_posts/review-2024-06-29-EnglandU20-ArgentinaU20.png
 create mode 100644 soc_posts/review-2024-06-29-FranceU20-SpainU20.png
 create mode 100644 soc_posts/review-2024-06-29-HoustonSaberCats-DallasJackals.png
 create mode 100644 soc_posts/review-2024-06-29-IrelandU20-ItalyU20.png
 create mode 100644 soc_posts/review-2024-06-29-JapanA-MaoriAllBlacks.png
 create mode 100644 soc_posts/review-2024-06-29-NewEnglandFreeJacks-AnthemRC.png
 create mode 100644 soc_posts/review-2024-06-29-Newman-CASI.png
 create mode 100644 soc_posts/review-2024-06-29-OldGloryDC-NOLAGold.png
 create mode 100644 soc_posts/review-2024-06-29-SanDiegoLegion-SeattleSeawolves.png
 create mode 100644 soc_posts/review-2024-06-29-Singapore-Thailand.png
 create mode 100644 soc_posts/review-2024-06-29-SouthAfricaU20-FijiU20.png
 create mode 100644 soc_posts/review-2024-06-29-WalesU20-NewZealandU20.png
 create mode 100644 soc_posts/round_CurrieCup2024-1.png
 rewrite soc_posts/round_InternationalTestMatch2024-5.png (94%)
 delete mode 100644 soc_posts/round_MajorLeagueRugby2024-20.png
 delete mode 100644 soc_posts/round_Top14Orange2023-29.png
 delete mode 100644 soc_posts/round_URBATop122024-11.png
 create mode 100644 soc_posts/round_URBATop122024-12.png
 delete mode 100644 soc_posts/round_WorldRugbyU20Championship2023-1.png
 create mode 100644 soc_posts/round_WorldRugbyU20Championship2024-3.png
 delete mode 100644 soc_posts/round_acc_InternationalTestMatch2024-3.png
 create mode 100644 soc_posts/round_acc_MajorLeagueRugby2024-19.png
 delete mode 100644 soc_posts/round_acc_Top14Orange2023-28.png
 delete mode 100644 soc_posts/round_acc_URBATop122024-10.png
 create mode 100644 soc_posts/round_acc_URBATop122024-11.png
 delete mode 100644 soc_posts/round_acc_plr_InternationalTestMatch2024-4.png
 delete mode 100644 soc_posts/round_acc_plr_MajorLeagueRugby2024-19.png
 create mode 100644 soc_posts/round_acc_plr_MajorLeagueRugby2024-20.png
 delete mode 100644 soc_posts/round_acc_plr_Top14Orange2023-28.png
 delete mode 100644 soc_posts/round_acc_plr_URBATop122024-10.png
 create mode 100644 soc_posts/round_acc_plr_URBATop122024-11.png
 create mode 100644 soc_posts/round_acc_plr_WorldRugbyU20Championship2024-2.png
